
The following have been reloaded with a version change:
  1) gcc/5.2.0 => gcc/5.1.0

mkdir: cannot create directory `/work-zfs/abattle4/parsana/networks_correction_v/data': File exists
mkdir: cannot create directory `/work-zfs/abattle4/parsana/networks_correction_v/networks': File exists
mkdir: cannot create directory `/work-zfs/abattle4/parsana/networks_correction_v/publication_rmd': File exists
mkdir: cannot create directory `/work-zfs/abattle4/parsana/networks_correction_v/publication_figures': File exists
mkdir: cannot create directory `/work-zfs/abattle4/parsana/networks_correction_v/log': File exists
mkdir: cannot create directory `/work-zfs/abattle4/parsana/networks_correction_v/results': File exists
mkdir: cannot create directory `/work-zfs/abattle4/parsana/networks_correction_v/plots': File exists
Loading required package: SummarizedExperiment
Loading required package: methods
Loading required package: GenomicRanges
Loading required package: stats4
Loading required package: BiocGenerics
Loading required package: parallel

Attaching package: ‘BiocGenerics’

The following objects are masked from ‘package:parallel’:

    clusterApply, clusterApplyLB, clusterCall, clusterEvalQ,
    clusterExport, clusterMap, parApply, parCapply, parLapply,
    parLapplyLB, parRapply, parSapply, parSapplyLB

The following objects are masked from ‘package:stats’:

    IQR, mad, sd, var, xtabs

The following objects are masked from ‘package:base’:

    anyDuplicated, append, as.data.frame, cbind, colMeans, colnames,
    colSums, do.call, duplicated, eval, evalq, Filter, Find, get, grep,
    grepl, intersect, is.unsorted, lapply, lengths, Map, mapply, match,
    mget, order, paste, pmax, pmax.int, pmin, pmin.int, Position, rank,
    rbind, Reduce, rowMeans, rownames, rowSums, sapply, setdiff, sort,
    table, tapply, union, unique, unsplit, which, which.max, which.min

Loading required package: S4Vectors

Attaching package: ‘S4Vectors’

The following object is masked from ‘package:base’:

    expand.grid

Loading required package: IRanges
Loading required package: GenomeInfoDb
Loading required package: Biobase
Welcome to Bioconductor

    Vignettes contain introductory material; view with
    'browseVignettes()'. To cite Bioconductor, see
    'citation("Biobase")', and for packages 'citation("pkgname")'.

Setting options('download.file.method.GEOquery'='auto')
Setting options('GEOquery.inmemory.gpl'=FALSE)
Loading required package: dynamicTreeCut
Loading required package: fastcluster

Attaching package: ‘fastcluster’

The following object is masked from ‘package:stats’:

    hclust



Attaching package: ‘WGCNA’

The following object is masked from ‘package:IRanges’:

    cor

The following object is masked from ‘package:S4Vectors’:

    cor

The following object is masked from ‘package:stats’:

    cor

Loading required package: BBmisc

Attaching package: ‘BBmisc’

The following object is masked from ‘package:IRanges’:

    collapse

The following object is masked from ‘package:BiocGenerics’:

    normalize

The development of BatchJobs and BatchExperiments is discontinued.
Consider switching to 'batchtools' for new features and improved stability
Sourced 1 configuration files: 
  1: /home-3/pparsan1@jhu.edu/R/x86_64-pc-linux-gnu-library/3.3/BatchJobs/etc/BatchJobs_global_config.R
BatchJobs configuration:
  cluster functions: Interactive
  mail.from: 
  mail.to: 
  mail.start: none
  mail.done: none
  mail.error: none
  default.resources: 
  debug: FALSE
  raise.warnings: FALSE
  staged.queries: TRUE
  max.concurrent.jobs: Inf
  fs.timeout: NA
  measure.mem: TRUE

Warning messages:
1: replacing previous import ‘stats::sd’ by ‘BiocGenerics::sd’ when loading ‘S4Vectors’ 
2: replacing previous import ‘stats::var’ by ‘BiocGenerics::var’ when loading ‘S4Vectors’ 
3: replacing previous import ‘stats::sd’ by ‘BiocGenerics::sd’ when loading ‘IRanges’ 
4: replacing previous import ‘stats::var’ by ‘BiocGenerics::var’ when loading ‘IRanges’ 
Bioconductor version 3.4 (BiocInstaller 1.24.0), ?biocLite for help
A new version of Bioconductor is available after installing the most recent
  version of R; see http://bioconductor.org/install
Loading required package: mgcv
Loading required package: nlme

Attaching package: ‘nlme’

The following object is masked from ‘package:BBmisc’:

    collapse

The following object is masked from ‘package:IRanges’:

    collapse

This is mgcv 1.8-23. For overview type 'help("mgcv-package")'.
Loading required package: genefilter
Loading required package: lattice
Loading required package: survival
Loading required package: Formula

Attaching package: ‘Hmisc’

The following object is masked from ‘package:BBmisc’:

    %nin%

The following object is masked from ‘package:Biobase’:

    contents

The following objects are masked from ‘package:base’:

    format.pval, units

Error in gzfile(file, "wb") : cannot open the connection
Calls: save -> gzfile
In addition: Warning message:
In gzfile(file, "wb") :
  cannot open compressed file '/work-zfs/abattle4/parsana/networks_correction_v/networks/exonicRate/Muscle_glasso_networks.Rdata', probable reason 'No such file or directory'
Execution halted
